
--------------------------------------------------
TXLib соболезнует...

Программа: U:\Documents\В ВУЗ\ООП\Лаб4\x64\Debug\Лаб4.exe, файл: U:\Documents\В ВУЗ\ООП\Лаб4\Лаб4\TXLib.h, строка: 13219, функция: bool __cdecl `anonymous-namespace'::TX::txClear(struct HDC__ *),

Сообщение: Если вы указали параметр "dc", то он неверен. Возможно, этот холст не создан, или уже уничтожен, или не загрузилась картинка.

#1: TXLib [Ver: 00173a, Rev: 171, Date: 2022-07-23 02:08:28 +0400], Instance: 0x00007FF67AF7E7E8 (64-bit), Flags: CMdRe0, Thread: 0x3734 (Main). 

--------------------------------------------------
Стек вызовов:

# 0 0x00007FF67AF1CE2B in U:\Documents\В ВУЗ\ООП\Лаб4\x64\Debug\Лаб4.exe: `anonymous namespace'::TX::_txError() at U:\Documents\В ВУЗ\ООП\Лаб4\Лаб4\TXLib.h (10906)
# 1 0x00007FF67AF3AB8D in U:\Documents\В ВУЗ\ООП\Лаб4\x64\Debug\Лаб4.exe: `anonymous namespace'::TX::txClear() at U:\Documents\В ВУЗ\ООП\Лаб4\Лаб4\TXLib.h (13219)

# 2 0x00007FF67AF4D7D9 in U:\Documents\В ВУЗ\ООП\Лаб4\x64\Debug\Лаб4.exe: main() at U:\Documents\В ВУЗ\ООП\Лаб4\Лаб4\Лаб4.cpp (150):

    148:             for (int i = 0; i < size_array; i++) {
    149:                 txBegin();
=>  150:                 txClear(0);
    151:                 arr[i].Type1();
    152:                 switch (figure[i]) {

--------------------------------------------------
Стек вызовов TX:

# 0 in bool __cdecl `anonymous-namespace'::TX::txClear(struct HDC__ *) at U:\Documents\В ВУЗ\ООП\Лаб4\Лаб4\TXLib.h (13219):

  13217: bool txClear (HDC dc /*= txDC()*/)
  13218:     {
=>13219: $1  if (_TX_DEFAULT_HDC_FAILED (dc)) return false;
  13220: 
  13221: $   POINT size = txGetExtent (dc);

# 1 in (null) at U:\Documents\В ВУЗ\ООП\Лаб4\Лаб4\Лаб4.cpp (150):

    148:             for (int i = 0; i < size_array; i++) {
    149:                 txBegin();
=>  150:                 txClear(0);
    151:                 arr[i].Type1();
    152:                 switch (figure[i]) {

--------------------------------------------------
Developed with:

The Dumb Artist Library (TX Library)
TXLib [Ver: 00173a, Rev: 171, Date: 2022-07-23 02:08:28 +0400]
Copyright (C) Ded (Ilya Dedinsky, http://txlib.ru) <mail@txlib.ru>
See license on: http://txlib.ru

TXLib file:	U:\Documents\В ВУЗ\ООП\Лаб4\Лаб4\TXLib.h
Compiled:	Nov  5 2022 00:57:57, MSVS 1933, std=199711L, MSVC Runtime, 64-bit, DEBUG
Started:	Nov  5 2022 00:58:01

Run file:	U:\Documents\В ВУЗ\ООП\Лаб4\x64\Debug\Лаб4.exe
Directory:	U:\Documents\В ВУЗ\ООП\Лаб4\Лаб4

--------------------------------------------------

--------------------------------------------------
TXLib соболезнует...

Программа: U:\Documents\В ВУЗ\ООП\Лаб4\x64\Debug\Лаб4.exe, файл: U:\Documents\В ВУЗ\ООП\Лаб4\Лаб4\TXLib.h, строка: 13219, функция: bool __cdecl `anonymous-namespace'::TX::txClear(struct HDC__ *),

Сообщение: Если вы указали параметр "dc", то он неверен. Возможно, этот холст не создан, или уже уничтожен, или не загрузилась картинка.

#1: TXLib [Ver: 00173a, Rev: 171, Date: 2022-07-23 02:08:28 +0400], Instance: 0x00007FF694FFE7E8 (64-bit), Flags: CMdRe0, Thread: 0x57D4 (Main). 

--------------------------------------------------
Стек вызовов:

# 0 0x00007FF694F9CE2B in U:\Documents\В ВУЗ\ООП\Лаб4\x64\Debug\Лаб4.exe: `anonymous namespace'::TX::_txError() at U:\Documents\В ВУЗ\ООП\Лаб4\Лаб4\TXLib.h (10906)
# 1 0x00007FF694FBAB8D in U:\Documents\В ВУЗ\ООП\Лаб4\x64\Debug\Лаб4.exe: `anonymous namespace'::TX::txClear() at U:\Documents\В ВУЗ\ООП\Лаб4\Лаб4\TXLib.h (13219)

# 2 0x00007FF694FCD7D9 in U:\Documents\В ВУЗ\ООП\Лаб4\x64\Debug\Лаб4.exe: main() at U:\Documents\В ВУЗ\ООП\Лаб4\Лаб4\Лаб4.cpp (150):

    148:             for (int i = 0; i < size_array; i++) {
    149:                 txBegin();
=>  150:                 txClear(0);
    151:                 arr[i].Type1();
    152:                 switch (figure[i]) {

--------------------------------------------------
Стек вызовов TX:

# 0 in bool __cdecl `anonymous-namespace'::TX::txClear(struct HDC__ *) at U:\Documents\В ВУЗ\ООП\Лаб4\Лаб4\TXLib.h (13219):

  13217: bool txClear (HDC dc /*= txDC()*/)
  13218:     {
=>13219: $1  if (_TX_DEFAULT_HDC_FAILED (dc)) return false;
  13220: 
  13221: $   POINT size = txGetExtent (dc);

# 1 in (null) at U:\Documents\В ВУЗ\ООП\Лаб4\Лаб4\Лаб4.cpp (150):

    148:             for (int i = 0; i < size_array; i++) {
    149:                 txBegin();
=>  150:                 txClear(0);
    151:                 arr[i].Type1();
    152:                 switch (figure[i]) {

--------------------------------------------------
Developed with:

The Dumb Artist Library (TX Library)
TXLib [Ver: 00173a, Rev: 171, Date: 2022-07-23 02:08:28 +0400]
Copyright (C) Ded (Ilya Dedinsky, http://txlib.ru) <mail@txlib.ru>
See license on: http://txlib.ru

TXLib file:	U:\Documents\В ВУЗ\ООП\Лаб4\Лаб4\TXLib.h
Compiled:	Nov  5 2022 00:59:17, MSVS 1933, std=199711L, MSVC Runtime, 64-bit, DEBUG
Started:	Nov  5 2022 00:59:21

Run file:	U:\Documents\В ВУЗ\ООП\Лаб4\x64\Debug\Лаб4.exe
Directory:	U:\Documents\В ВУЗ\ООП\Лаб4\Лаб4

--------------------------------------------------
